<?xml version="1.0" encoding="UTF-8"?>
<!-- Generated by org.testng.reporters.JUnitXMLReporter -->
<testsuite ignored="0" hostname="ATMECSINLT-829" failures="0" tests="8" name="ChromeTest" time="32.977" errors="0" timestamp="2022-11-07T18:01:48 IST">
  <testcase classname="com.swaglabsdemo.testscripts.VerifyNegativeLoginTest" name="loginTest" time="0.416"/>
  <testcase classname="com.swaglabsdemo.testscripts.VerifyNegativeLoginTest" name="loginTest" time="0.321"/>
  <testcase classname="com.swaglabsdemo.testscripts.VerifyNegativeLoginTest" name="loginTest" time="0.354"/>
  <testcase classname="com.swaglabsdemo.testscripts.VerifyNegativeLoginTest" name="loginTest" time="0.339"/>
  <testcase classname="com.swaglabsdemo.testscripts.VerifyNegativeLoginTest" name="loginTest" time="0.392"/>
  <testcase classname="com.swaglabsdemo.testscripts.VerifyNegativeLoginTest" name="loginTest" time="0.677"/>
  <testcase classname="com.swaglabsdemo.testscripts.VerifyNegativeLoginTest" name="loginTest" time="0.616"/>
  <testcase classname="com.swaglabsdemo.testscripts.VerifyNegativeLoginTest" name="loginTest" time="0.835"/>
</testsuite> <!-- ChromeTest -->
