<?xml version="1.0" encoding="UTF-8"?>
<!-- Generated by org.testng.reporters.JUnitXMLReporter -->
<testsuite ignored="0" hostname="ATMECSINLT-829" failures="0" tests="7" name="ChromeTest" time="21.221" errors="0" timestamp="2022-11-03T18:22:08 IST">
  <testcase classname="com.swaglabsdemo.testscripts.VerifyNegativeLoginTest" name="loginTest" time="0.659"/>
  <testcase classname="com.swaglabsdemo.testscripts.VerifyNegativeLoginTest" name="loginTest" time="0.5"/>
  <testcase classname="com.swaglabsdemo.testscripts.VerifyNegativeLoginTest" name="loginTest" time="0.859"/>
  <testcase classname="com.swaglabsdemo.testscripts.VerifyNegativeLoginTest" name="loginTest" time="0.567"/>
  <testcase classname="com.swaglabsdemo.testscripts.VerifyNegativeLoginTest" name="loginTest" time="0.597"/>
  <testcase classname="com.swaglabsdemo.testscripts.VerifyNegativeLoginTest" name="loginTest" time="0.449"/>
  <testcase classname="com.swaglabsdemo.testscripts.VerifyNegativeLoginTest" name="loginTest" time="0.459"/>
</testsuite> <!-- ChromeTest -->
