<?xml version="1.0" encoding="UTF-8"?>
<!-- Generated by org.testng.reporters.JUnitXMLReporter -->
<testsuite ignored="0" hostname="ATMECSINLT-829" failures="0" tests="7" name="edgeTest" time="32.928" errors="0" timestamp="2022-11-03T18:22:41 IST">
  <testcase classname="com.swaglabsdemo.testscripts.VerifyNegativeLoginTest" name="loginTest" time="0.766"/>
  <testcase classname="com.swaglabsdemo.testscripts.VerifyNegativeLoginTest" name="loginTest" time="0.562"/>
  <testcase classname="com.swaglabsdemo.testscripts.VerifyNegativeLoginTest" name="loginTest" time="0.782"/>
  <testcase classname="com.swaglabsdemo.testscripts.VerifyNegativeLoginTest" name="loginTest" time="0.605"/>
  <testcase classname="com.swaglabsdemo.testscripts.VerifyNegativeLoginTest" name="loginTest" time="0.737"/>
  <testcase classname="com.swaglabsdemo.testscripts.VerifyNegativeLoginTest" name="loginTest" time="0.562"/>
  <testcase classname="com.swaglabsdemo.testscripts.VerifyNegativeLoginTest" name="loginTest" time="0.401"/>
</testsuite> <!-- edgeTest -->
