<?xml version="1.0" encoding="UTF-8"?>
<!-- Generated by org.testng.reporters.JUnitXMLReporter -->
<testsuite ignored="0" hostname="ATMECSINLT-829" failures="0" tests="3" name="edgeTest" time="45.278" errors="0" timestamp="2022-11-03T18:21:46 IST">
  <testcase classname="com.swaglabsdemo.testscripts.VerifyMenuItemsTest" name="verifyMenuItems" time="5.259"/>
  <testcase classname="com.swaglabsdemo.testscripts.VerifyMenuItemsTest" name="verifyMenuItems" time="5.452"/>
  <testcase classname="com.swaglabsdemo.testscripts.VerifyMenuItemsTest" name="verifyMenuItems" time="22.849"/>
</testsuite> <!-- edgeTest -->
